# JRE version: OpenJDK Runtime Environment (8.0_222-b10) (build 1.8.0_222-8u222-b10-1ubuntu1~18.04.1-b10)
# Java VM: OpenJDK 64-Bit Server VM (25.222-b10 mixed mode linux-amd64 compressed oops)
Heap:
 PSYoungGen      total 268288K, used 10213K [0x000000076d100000, 0x0000000783800000, 0x00000007c0000000)
  eden space 258048K, 0% used [0x000000076d100000,0x000000076d100000,0x000000077cd00000)
  from space 10240K, 99% used [0x000000077cd00000,0x000000077d6f9590,0x000000077d700000)
  to   space 17408K, 0% used [0x0000000782700000,0x0000000782700000,0x0000000783800000)
 ParOldGen       total 93184K, used 11464K [0x00000006c7200000, 0x00000006ccd00000, 0x000000076d100000)
  object space 93184K, 12% used [0x00000006c7200000,0x00000006c7d32350,0x00000006ccd00000)
 Metaspace       used 33803K, capacity 35252K, committed 35416K, reserved 1081344K
  class space    used 4237K, capacity 4524K, committed 4608K, reserved 1048576K
GC Heap History (10 events):
Event: 0.896 GC heap after
Heap after GC invocations=2 (full 0):
 PSYoungGen      total 139264K, used 10223K [0x000000076d100000, 0x0000000776300000, 0x00000007c0000000)
  eden space 129024K, 0% used [0x000000076d100000,0x000000076d100000,0x0000000774f00000)
  from space 10240K, 99% used [0x0000000775900000,0x00000007762fbde0,0x0000000776300000)
  to   space 10240K, 0% used [0x0000000774f00000,0x0000000774f00000,0x0000000775900000)
 ParOldGen       total 171008K, used 726K [0x00000006c7200000, 0x00000006d1900000, 0x000000076d100000)
  object space 171008K, 0% used [0x00000006c7200000,0x00000006c72b5ae8,0x00000006d1900000)
 Metaspace       used 19573K, capacity 19988K, committed 20352K, reserved 1067008K
  class space    used 2460K, capacity 2584K, committed 2688K, reserved 1048576K
}
Event: 0.974 GC heap before
{Heap before GC invocations=3 (full 0):
 PSYoungGen      total 139264K, used 24514K [0x000000076d100000, 0x0000000776300000, 0x00000007c0000000)
  eden space 129024K, 11% used [0x000000076d100000,0x000000076def4ae8,0x0000000774f00000)
  from space 10240K, 99% used [0x0000000775900000,0x00000007762fbde0,0x0000000776300000)
  to   space 10240K, 0% used [0x0000000774f00000,0x0000000774f00000,0x0000000775900000)
 ParOldGen       total 171008K, used 726K [0x00000006c7200000, 0x00000006d1900000, 0x000000076d100000)
  object space 171008K, 0% used [0x00000006c7200000,0x00000006c72b5ae8,0x00000006d1900000)
 Metaspace       used 20641K, capacity 21118K, committed 21248K, reserved 1067008K
  class space    used 2603K, capacity 2773K, committed 2816K, reserved 1048576K
Event: 0.984 GC heap after
Heap after GC invocations=3 (full 0):
 PSYoungGen      total 139264K, used 5586K [0x000000076d100000, 0x000000077e100000, 0x00000007c0000000)
  eden space 129024K, 0% used [0x000000076d100000,0x000000076d100000,0x0000000774f00000)
  from space 10240K, 54% used [0x0000000774f00000,0x0000000775474ab0,0x0000000775900000)
  to   space 10240K, 0% used [0x000000077d700000,0x000000077d700000,0x000000077e100000)
 ParOldGen       total 171008K, used 734K [0x00000006c7200000, 0x00000006d1900000, 0x000000076d100000)
  object space 171008K, 0% used [0x00000006c7200000,0x00000006c72b7ae8,0x00000006d1900000)
 Metaspace       used 20641K, capacity 21118K, committed 21248K, reserved 1067008K
  class space    used 2603K, capacity 2773K, committed 2816K, reserved 1048576K
}
Event: 0.984 GC heap before
{Heap before GC invocations=4 (full 1):
 PSYoungGen      total 139264K, used 5586K [0x000000076d100000, 0x000000077e100000, 0x00000007c0000000)
  eden space 129024K, 0% used [0x000000076d100000,0x000000076d100000,0x0000000774f00000)
  from space 10240K, 54% used [0x0000000774f00000,0x0000000775474ab0,0x0000000775900000)
  to   space 10240K, 0% used [0x000000077d700000,0x000000077d700000,0x000000077e100000)
 ParOldGen       total 171008K, used 734K [0x00000006c7200000, 0x00000006d1900000, 0x000000076d100000)
  object space 171008K, 0% used [0x00000006c7200000,0x00000006c72b7ae8,0x00000006d1900000)
 Metaspace       used 20641K, capacity 21118K, committed 21248K, reserved 1067008K
  class space    used 2603K, capacity 2773K, committed 2816K, reserved 1048576K
Event: 1.007 GC heap after
Heap after GC invocations=4 (full 1):
 PSYoungGen      total 139264K, used 0K [0x000000076d100000, 0x000000077e100000, 0x00000007c0000000)
  eden space 129024K, 0% used [0x000000076d100000,0x000000076d100000,0x0000000774f00000)
  from space 10240K, 0% used [0x0000000774f00000,0x0000000774f00000,0x0000000775900000)
  to   space 10240K, 0% used [0x000000077d700000,0x000000077d700000,0x000000077e100000)
 ParOldGen       total 93184K, used 5484K [0x00000006c7200000, 0x00000006ccd00000, 0x000000076d100000)
  object space 93184K, 5% used [0x00000006c7200000,0x00000006c775b050,0x00000006ccd00000)
 Metaspace       used 20640K, capacity 21112K, committed 21248K, reserved 1067008K
  class space    used 2602K, capacity 2772K, committed 2816K, reserved 1048576K
}
Event: 1.713 GC heap before
{Heap before GC invocations=5 (full 1):
 PSYoungGen      total 139264K, used 129024K [0x000000076d100000, 0x000000077e100000, 0x00000007c0000000)
  eden space 129024K, 100% used [0x000000076d100000,0x0000000774f00000,0x0000000774f00000)
  from space 10240K, 0% used [0x0000000774f00000,0x0000000774f00000,0x0000000775900000)
  to   space 10240K, 0% used [0x000000077d700000,0x000000077d700000,0x000000077e100000)
 ParOldGen       total 93184K, used 5484K [0x00000006c7200000, 0x00000006ccd00000, 0x000000076d100000)
  object space 93184K, 5% used [0x00000006c7200000,0x00000006c775b050,0x00000006ccd00000)
 Metaspace       used 24922K, capacity 25630K, committed 25856K, reserved 1071104K
  class space    used 3114K, capacity 3307K, committed 3328K, reserved 1048576K
Event: 1.727 GC heap after
Heap after GC invocations=5 (full 1):
 PSYoungGen      total 220672K, used 10044K [0x000000076d100000, 0x000000077e100000, 0x00000007c0000000)
  eden space 210432K, 0% used [0x000000076d100000,0x000000076d100000,0x0000000779e80000)
  from space 10240K, 98% used [0x000000077d700000,0x000000077e0cf170,0x000000077e100000)
  to   space 10240K, 0% used [0x000000077cd00000,0x000000077cd00000,0x000000077d700000)
 ParOldGen       total 93184K, used 5484K [0x00000006c7200000, 0x00000006ccd00000, 0x000000076d100000)
  object space 93184K, 5% used [0x00000006c7200000,0x00000006c775b050,0x00000006ccd00000)
 Metaspace       used 24922K, capacity 25630K, committed 25856K, reserved 1071104K
  class space    used 3114K, capacity 3307K, committed 3328K, reserved 1048576K
}
Event: 3.023 GC heap before
{Heap before GC invocations=6 (full 1):
 PSYoungGen      total 220672K, used 175552K [0x000000076d100000, 0x000000077e100000, 0x00000007c0000000)
  eden space 210432K, 78% used [0x000000076d100000,0x00000007772a1188,0x0000000779e80000)
  from space 10240K, 98% used [0x000000077d700000,0x000000077e0cf170,0x000000077e100000)
  to   space 10240K, 0% used [0x000000077cd00000,0x000000077cd00000,0x000000077d700000)
 ParOldGen       total 93184K, used 5484K [0x00000006c7200000, 0x00000006ccd00000, 0x000000076d100000)
  object space 93184K, 5% used [0x00000006c7200000,0x00000006c775b050,0x00000006ccd00000)
 Metaspace       used 33803K, capacity 35252K, committed 35416K, reserved 1081344K
  class space    used 4237K, capacity 4524K, committed 4608K, reserved 1048576K
Event: 3.037 GC heap after
Heap after GC invocations=6 (full 1):
 PSYoungGen      total 268288K, used 10213K [0x000000076d100000, 0x0000000783800000, 0x00000007c0000000)
  eden space 258048K, 0% used [0x000000076d100000,0x000000076d100000,0x000000077cd00000)
  from space 10240K, 99% used [0x000000077cd00000,0x000000077d6f9590,0x000000077d700000)
  to   space 17408K, 0% used [0x0000000782700000,0x0000000782700000,0x0000000783800000)
 ParOldGen       total 93184K, used 11464K [0x00000006c7200000, 0x00000006ccd00000, 0x000000076d100000)
  object space 93184K, 12% used [0x00000006c7200000,0x00000006c7d32350,0x00000006ccd00000)
 Metaspace       used 33803K, capacity 35252K, committed 35416K, reserved 1081344K
  class space    used 4237K, capacity 4524K, committed 4608K, reserved 1048576K
}
Event: 3.037 GC heap before
{Heap before GC invocations=7 (full 2):
 PSYoungGen      total 268288K, used 10213K [0x000000076d100000, 0x0000000783800000, 0x00000007c0000000)
  eden space 258048K, 0% used [0x000000076d100000,0x000000076d100000,0x000000077cd00000)
  from space 10240K, 99% used [0x000000077cd00000,0x000000077d6f9590,0x000000077d700000)
  to   space 17408K, 0% used [0x0000000782700000,0x0000000782700000,0x0000000783800000)
 ParOldGen       total 93184K, used 11464K [0x00000006c7200000, 0x00000006ccd00000, 0x000000076d100000)
  object space 93184K, 12% used [0x00000006c7200000,0x00000006c7d32350,0x00000006ccd00000)
 Metaspace       used 33803K, capacity 35252K, committed 35416K, reserved 1081344K
  class space    used 4237K, capacity 4524K, committed 4608K, reserved 1048576K

